[debug] [2025-07-10T03:42:14.810Z] [Firebase Plugin] Activating Firebase extension.
[info] [Firebase Plugin] Checked firebase-tools, is up to date!
[debug] [2025-07-10T03:42:20.580Z] [Firebase Plugin] requireAuthWrapper
[debug] [2025-07-10T03:42:20.581Z] > command requires scopes: ["email","openid","https://www.googleapis.com/auth/cloudplatformprojects.readonly","https://www.googleapis.com/auth/firebase","https://www.googleapis.com/auth/cloud-platform"]
[debug] [2025-07-10T03:42:20.582Z] > authorizing via signed-in user (djcarlogujilde@gmail.com)
[debug] [2025-07-10T03:42:20.585Z] Checked if tokens are valid: false, expires at: 1752110750375
[debug] [2025-07-10T03:42:20.585Z] Checked if tokens are valid: false, expires at: 1752110750375
[debug] [2025-07-10T03:42:20.586Z] > refreshing access token with scopes: []
[debug] [2025-07-10T03:42:20.586Z] >>> [apiv2][query] POST https://www.googleapis.com/oauth2/v3/token [none]
[debug] [2025-07-10T03:42:20.586Z] >>> [apiv2][body] POST https://www.googleapis.com/oauth2/v3/token [omitted]
[info] [Firebase Plugin] Starting Data Connect toolkit (version 2.8.0) on port 50002
[debug] [2025-07-10T03:42:21.677Z] I0710 11:42:21.651818   43438 control.go:84] [/emulator/LIFI-Dashboard 067f] UpdateResources(): done
Schema: sources: schema/schema.gql [997B] 
Connector "default": sources: 
 {"metadata":{"emulator":{"name":"dataconnect"},"message":"I0710 11:42:21.651818   43438 control.go:84] [/emulator/LIFI-Dashboard 067f] UpdateResources(): done\nSchema: sources: schema/schema.gql [997B] \nConnector \"default\": sources: \n"}}
[debug] [2025-07-10T03:42:21.678Z] Ignoring unsupported arg: auto_download {"metadata":{"emulator":{"name":"dataconnect"},"message":"Ignoring unsupported arg: auto_download"}}
[debug] [2025-07-10T03:42:21.678Z] Ignoring unsupported arg: port {"metadata":{"emulator":{"name":"dataconnect"},"message":"Ignoring unsupported arg: port"}}
[debug] [2025-07-10T03:42:21.678Z] Starting Data Connect Emulator with command {"binary":"/Users/djcarlogujilde/.cache/firebase/emulators/dataconnect-emulator-2.8.0","args":["--logtostderr","-v=2","dev","--listen=localhost:50002","--config_dir=/Users/djcarlogujilde/GALAHADD.DEV.PROJECTS/LIFI-Dashboard/dataconnect","--enable_output_schema_extensions=true","--enable_output_generated_sdk=true"],"optionalArgs":["listen","config_dir","enable_output_schema_extensions","enable_output_generated_sdk"],"joinArgs":true,"shell":false,"port":9399} {"metadata":{"emulator":{"name":"dataconnect"},"message":"Starting Data Connect Emulator with command {\"binary\":\"/Users/djcarlogujilde/.cache/firebase/emulators/dataconnect-emulator-2.8.0\",\"args\":[\"--logtostderr\",\"-v=2\",\"dev\",\"--listen=localhost:50002\",\"--config_dir=/Users/djcarlogujilde/GALAHADD.DEV.PROJECTS/LIFI-Dashboard/dataconnect\",\"--enable_output_schema_extensions=true\",\"--enable_output_generated_sdk=true\"],\"optionalArgs\":[\"listen\",\"config_dir\",\"enable_output_schema_extensions\",\"enable_output_generated_sdk\"],\"joinArgs\":true,\"shell\":false,\"port\":9399}"}}
[info] i  dataconnect: Data Connect Emulator logging to dataconnect-debug.log {"metadata":{"emulator":{"name":"dataconnect"},"message":"Data Connect Emulator logging to dataconnect-debug.log"}}
[debug] [2025-07-10T03:42:21.771Z] <<< [apiv2][status] POST https://www.googleapis.com/oauth2/v3/token 200
[debug] [2025-07-10T03:42:21.772Z] <<< [apiv2][body] POST https://www.googleapis.com/oauth2/v3/token [omitted]
[debug] [2025-07-10T03:42:21.787Z] [Firebase Plugin] User found:  djcarlogujilde@gmail.com
[info] [Firebase Plugin] (Core:Project) New user detected, fetching projects
[debug] [2025-07-10T03:42:21.789Z] Checked if tokens are valid: true, expires at: 1752122540773
[debug] [2025-07-10T03:42:21.790Z] >>> [apiv2][query] GET https://firebase.googleapis.com/v1beta1/projects pageSize=1000
[debug] [2025-07-10T03:42:22.049Z] I0710 11:42:22.046934   43441 load.go:37] Reloading schema and connectors...
 {"metadata":{"emulator":{"name":"dataconnect"},"message":"I0710 11:42:22.046934   43441 load.go:37] Reloading schema and connectors...\n"}}
[debug] [2025-07-10T03:42:22.105Z] I0710 11:42:22.105777   43441 control.go:84] [/emulator/LIFI-Dashboard 2245] UpdateResources(): done
Schema: sources: schema/schema.gql [997B] 
Connector "default": sources: 
 {"metadata":{"emulator":{"name":"dataconnect"},"message":"I0710 11:42:22.105777   43441 control.go:84] [/emulator/LIFI-Dashboard 2245] UpdateResources(): done\nSchema: sources: schema/schema.gql [997B] \nConnector \"default\": sources: \n"}}
[debug] [2025-07-10T03:42:22.144Z] I0710 11:42:22.144634   43441 collector.go:107] schema extensions wrote into "/Users/djcarlogujilde/GALAHADD.DEV.PROJECTS/LIFI-Dashboard/dataconnect/.dataconnect/schema"
Generated sources: main/mutation.gql [21415B] main/implicit.gql [3633B] main/input.gql [53161B] main/relation.gql [29119B] main/query.gql [7865B] prelude.gql [71203B] 
 {"metadata":{"emulator":{"name":"dataconnect"},"message":"I0710 11:42:22.144634   43441 collector.go:107] schema extensions wrote into \"/Users/djcarlogujilde/GALAHADD.DEV.PROJECTS/LIFI-Dashboard/dataconnect/.dataconnect/schema\"\nGenerated sources: main/mutation.gql [21415B] main/implicit.gql [3633B] main/input.gql [53161B] main/relation.gql [29119B] main/query.gql [7865B] prelude.gql [71203B] \n"}}
[debug] [2025-07-10T03:42:22.146Z] I0710 11:42:22.145005   43441 load.go:115] Finished reloading
 {"metadata":{"emulator":{"name":"dataconnect"},"message":"I0710 11:42:22.145005   43441 load.go:115] Finished reloading\n"}}
[debug] [2025-07-10T03:42:22.172Z] I0710 11:42:22.168941   43441 dev.go:95] Listening on address (HTTP + gRPC): 127.0.0.1:50002
 {"metadata":{"emulator":{"name":"dataconnect"},"message":"I0710 11:42:22.168941   43441 dev.go:95] Listening on address (HTTP + gRPC): 127.0.0.1:50002\n"}}
[debug] [2025-07-10T03:42:22.403Z] <<< [apiv2][status] GET https://firebase.googleapis.com/v1beta1/projects 200
[debug] [2025-07-10T03:42:22.404Z] <<< [apiv2][body] GET https://firebase.googleapis.com/v1beta1/projects [omitted]
[error] [Firebase Plugin] error:  {}
[debug] [2025-07-10T03:42:56.833Z] E0710 11:42:56.785333   43441 load.go:23] Could not load config from "/Users/djcarlogujilde/GALAHADD.DEV.PROJECTS/LIFI-Dashboard/dataconnect": could not find dataconnect.yaml in `/Users/djcarlogujilde/GALAHADD.DEV.PROJECTS/LIFI-Dashboard/dataconnect`
 {"metadata":{"emulator":{"name":"dataconnect"},"message":"E0710 11:42:56.785333   43441 load.go:23] Could not load config from \"/Users/djcarlogujilde/GALAHADD.DEV.PROJECTS/LIFI-Dashboard/dataconnect\": could not find dataconnect.yaml in `/Users/djcarlogujilde/GALAHADD.DEV.PROJECTS/LIFI-Dashboard/dataconnect`\n"}}
[debug] [2025-07-10T03:43:02.374Z] E0710 11:43:02.338564   43441 load.go:23] Could not load config from "/Users/djcarlogujilde/GALAHADD.DEV.PROJECTS/LIFI-Dashboard/dataconnect": could not find dataconnect.yaml in `/Users/djcarlogujilde/GALAHADD.DEV.PROJECTS/LIFI-Dashboard/dataconnect`
 {"metadata":{"emulator":{"name":"dataconnect"},"message":"E0710 11:43:02.338564   43441 load.go:23] Could not load config from \"/Users/djcarlogujilde/GALAHADD.DEV.PROJECTS/LIFI-Dashboard/dataconnect\": could not find dataconnect.yaml in `/Users/djcarlogujilde/GALAHADD.DEV.PROJECTS/LIFI-Dashboard/dataconnect`\n"}}
[debug] [2025-07-10T03:43:12.142Z] E0710 11:43:12.122015   43441 load.go:23] Could not load config from "/Users/djcarlogujilde/GALAHADD.DEV.PROJECTS/LIFI-Dashboard/dataconnect": could not find dataconnect.yaml in `/Users/djcarlogujilde/GALAHADD.DEV.PROJECTS/LIFI-Dashboard/dataconnect`
 {"metadata":{"emulator":{"name":"dataconnect"},"message":"E0710 11:43:12.122015   43441 load.go:23] Could not load config from \"/Users/djcarlogujilde/GALAHADD.DEV.PROJECTS/LIFI-Dashboard/dataconnect\": could not find dataconnect.yaml in `/Users/djcarlogujilde/GALAHADD.DEV.PROJECTS/LIFI-Dashboard/dataconnect`\n"}}
[debug] [2025-07-10T03:43:22.296Z] E0710 11:43:22.100437   43441 load.go:23] Could not load config from "/Users/djcarlogujilde/GALAHADD.DEV.PROJECTS/LIFI-Dashboard/dataconnect": could not find dataconnect.yaml in `/Users/djcarlogujilde/GALAHADD.DEV.PROJECTS/LIFI-Dashboard/dataconnect`
 {"metadata":{"emulator":{"name":"dataconnect"},"message":"E0710 11:43:22.100437   43441 load.go:23] Could not load config from \"/Users/djcarlogujilde/GALAHADD.DEV.PROJECTS/LIFI-Dashboard/dataconnect\": could not find dataconnect.yaml in `/Users/djcarlogujilde/GALAHADD.DEV.PROJECTS/LIFI-Dashboard/dataconnect`\n"}}
[debug] [2025-07-10T03:43:32.106Z] E0710 11:43:32.101492   43441 load.go:23] Could not load config from "/Users/djcarlogujilde/GALAHADD.DEV.PROJECTS/LIFI-Dashboard/dataconnect": could not find dataconnect.yaml in `/Users/djcarlogujilde/GALAHADD.DEV.PROJECTS/LIFI-Dashboard/dataconnect`
 {"metadata":{"emulator":{"name":"dataconnect"},"message":"E0710 11:43:32.101492   43441 load.go:23] Could not load config from \"/Users/djcarlogujilde/GALAHADD.DEV.PROJECTS/LIFI-Dashboard/dataconnect\": could not find dataconnect.yaml in `/Users/djcarlogujilde/GALAHADD.DEV.PROJECTS/LIFI-Dashboard/dataconnect`\n"}}
[debug] [2025-07-10T03:43:42.107Z] E0710 11:43:42.105297   43441 load.go:23] Could not load config from "/Users/djcarlogujilde/GALAHADD.DEV.PROJECTS/LIFI-Dashboard/dataconnect": could not find dataconnect.yaml in `/Users/djcarlogujilde/GALAHADD.DEV.PROJECTS/LIFI-Dashboard/dataconnect`
 {"metadata":{"emulator":{"name":"dataconnect"},"message":"E0710 11:43:42.105297   43441 load.go:23] Could not load config from \"/Users/djcarlogujilde/GALAHADD.DEV.PROJECTS/LIFI-Dashboard/dataconnect\": could not find dataconnect.yaml in `/Users/djcarlogujilde/GALAHADD.DEV.PROJECTS/LIFI-Dashboard/dataconnect`\n"}}
[debug] [2025-07-10T03:43:52.095Z] E0710 11:43:52.094592   43441 load.go:23] Could not load config from "/Users/djcarlogujilde/GALAHADD.DEV.PROJECTS/LIFI-Dashboard/dataconnect": could not find dataconnect.yaml in `/Users/djcarlogujilde/GALAHADD.DEV.PROJECTS/LIFI-Dashboard/dataconnect`
 {"metadata":{"emulator":{"name":"dataconnect"},"message":"E0710 11:43:52.094592   43441 load.go:23] Could not load config from \"/Users/djcarlogujilde/GALAHADD.DEV.PROJECTS/LIFI-Dashboard/dataconnect\": could not find dataconnect.yaml in `/Users/djcarlogujilde/GALAHADD.DEV.PROJECTS/LIFI-Dashboard/dataconnect`\n"}}
[debug] [2025-07-10T03:44:02.101Z] E0710 11:44:02.098869   43441 load.go:23] Could not load config from "/Users/djcarlogujilde/GALAHADD.DEV.PROJECTS/LIFI-Dashboard/dataconnect": could not find dataconnect.yaml in `/Users/djcarlogujilde/GALAHADD.DEV.PROJECTS/LIFI-Dashboard/dataconnect`
 {"metadata":{"emulator":{"name":"dataconnect"},"message":"E0710 11:44:02.098869   43441 load.go:23] Could not load config from \"/Users/djcarlogujilde/GALAHADD.DEV.PROJECTS/LIFI-Dashboard/dataconnect\": could not find dataconnect.yaml in `/Users/djcarlogujilde/GALAHADD.DEV.PROJECTS/LIFI-Dashboard/dataconnect`\n"}}
[debug] [2025-07-10T03:44:12.096Z] E0710 11:44:12.095671   43441 load.go:23] Could not load config from "/Users/djcarlogujilde/GALAHADD.DEV.PROJECTS/LIFI-Dashboard/dataconnect": could not find dataconnect.yaml in `/Users/djcarlogujilde/GALAHADD.DEV.PROJECTS/LIFI-Dashboard/dataconnect`
 {"metadata":{"emulator":{"name":"dataconnect"},"message":"E0710 11:44:12.095671   43441 load.go:23] Could not load config from \"/Users/djcarlogujilde/GALAHADD.DEV.PROJECTS/LIFI-Dashboard/dataconnect\": could not find dataconnect.yaml in `/Users/djcarlogujilde/GALAHADD.DEV.PROJECTS/LIFI-Dashboard/dataconnect`\n"}}
[debug] [2025-07-10T03:44:22.120Z] E0710 11:44:22.093827   43441 load.go:23] Could not load config from "/Users/djcarlogujilde/GALAHADD.DEV.PROJECTS/LIFI-Dashboard/dataconnect": could not find dataconnect.yaml in `/Users/djcarlogujilde/GALAHADD.DEV.PROJECTS/LIFI-Dashboard/dataconnect`
 {"metadata":{"emulator":{"name":"dataconnect"},"message":"E0710 11:44:22.093827   43441 load.go:23] Could not load config from \"/Users/djcarlogujilde/GALAHADD.DEV.PROJECTS/LIFI-Dashboard/dataconnect\": could not find dataconnect.yaml in `/Users/djcarlogujilde/GALAHADD.DEV.PROJECTS/LIFI-Dashboard/dataconnect`\n"}}
[debug] [2025-07-10T03:44:32.094Z] E0710 11:44:32.092836   43441 load.go:23] Could not load config from "/Users/djcarlogujilde/GALAHADD.DEV.PROJECTS/LIFI-Dashboard/dataconnect": could not find dataconnect.yaml in `/Users/djcarlogujilde/GALAHADD.DEV.PROJECTS/LIFI-Dashboard/dataconnect`
 {"metadata":{"emulator":{"name":"dataconnect"},"message":"E0710 11:44:32.092836   43441 load.go:23] Could not load config from \"/Users/djcarlogujilde/GALAHADD.DEV.PROJECTS/LIFI-Dashboard/dataconnect\": could not find dataconnect.yaml in `/Users/djcarlogujilde/GALAHADD.DEV.PROJECTS/LIFI-Dashboard/dataconnect`\n"}}
[debug] [2025-07-10T03:44:42.092Z] E0710 11:44:42.091881   43441 load.go:23] Could not load config from "/Users/djcarlogujilde/GALAHADD.DEV.PROJECTS/LIFI-Dashboard/dataconnect": could not find dataconnect.yaml in `/Users/djcarlogujilde/GALAHADD.DEV.PROJECTS/LIFI-Dashboard/dataconnect`
 {"metadata":{"emulator":{"name":"dataconnect"},"message":"E0710 11:44:42.091881   43441 load.go:23] Could not load config from \"/Users/djcarlogujilde/GALAHADD.DEV.PROJECTS/LIFI-Dashboard/dataconnect\": could not find dataconnect.yaml in `/Users/djcarlogujilde/GALAHADD.DEV.PROJECTS/LIFI-Dashboard/dataconnect`\n"}}
[debug] [2025-07-10T03:44:52.569Z] E0710 11:44:52.103401   43441 load.go:23] Could not load config from "/Users/djcarlogujilde/GALAHADD.DEV.PROJECTS/LIFI-Dashboard/dataconnect": could not find dataconnect.yaml in `/Users/djcarlogujilde/GALAHADD.DEV.PROJECTS/LIFI-Dashboard/dataconnect`
 {"metadata":{"emulator":{"name":"dataconnect"},"message":"E0710 11:44:52.103401   43441 load.go:23] Could not load config from \"/Users/djcarlogujilde/GALAHADD.DEV.PROJECTS/LIFI-Dashboard/dataconnect\": could not find dataconnect.yaml in `/Users/djcarlogujilde/GALAHADD.DEV.PROJECTS/LIFI-Dashboard/dataconnect`\n"}}
[debug] [2025-07-10T03:45:02.101Z] E0710 11:45:02.096138   43441 load.go:23] Could not load config from "/Users/djcarlogujilde/GALAHADD.DEV.PROJECTS/LIFI-Dashboard/dataconnect": could not find dataconnect.yaml in `/Users/djcarlogujilde/GALAHADD.DEV.PROJECTS/LIFI-Dashboard/dataconnect`
 {"metadata":{"emulator":{"name":"dataconnect"},"message":"E0710 11:45:02.096138   43441 load.go:23] Could not load config from \"/Users/djcarlogujilde/GALAHADD.DEV.PROJECTS/LIFI-Dashboard/dataconnect\": could not find dataconnect.yaml in `/Users/djcarlogujilde/GALAHADD.DEV.PROJECTS/LIFI-Dashboard/dataconnect`\n"}}
[debug] [2025-07-10T03:45:12.108Z] E0710 11:45:12.104297   43441 load.go:23] Could not load config from "/Users/djcarlogujilde/GALAHADD.DEV.PROJECTS/LIFI-Dashboard/dataconnect": could not find dataconnect.yaml in `/Users/djcarlogujilde/GALAHADD.DEV.PROJECTS/LIFI-Dashboard/dataconnect`
 {"metadata":{"emulator":{"name":"dataconnect"},"message":"E0710 11:45:12.104297   43441 load.go:23] Could not load config from \"/Users/djcarlogujilde/GALAHADD.DEV.PROJECTS/LIFI-Dashboard/dataconnect\": could not find dataconnect.yaml in `/Users/djcarlogujilde/GALAHADD.DEV.PROJECTS/LIFI-Dashboard/dataconnect`\n"}}
[debug] [2025-07-10T03:45:22.095Z] E0710 11:45:22.094913   43441 load.go:23] Could not load config from "/Users/djcarlogujilde/GALAHADD.DEV.PROJECTS/LIFI-Dashboard/dataconnect": could not find dataconnect.yaml in `/Users/djcarlogujilde/GALAHADD.DEV.PROJECTS/LIFI-Dashboard/dataconnect`
 {"metadata":{"emulator":{"name":"dataconnect"},"message":"E0710 11:45:22.094913   43441 load.go:23] Could not load config from \"/Users/djcarlogujilde/GALAHADD.DEV.PROJECTS/LIFI-Dashboard/dataconnect\": could not find dataconnect.yaml in `/Users/djcarlogujilde/GALAHADD.DEV.PROJECTS/LIFI-Dashboard/dataconnect`\n"}}
[debug] [2025-07-10T03:45:32.094Z] E0710 11:45:32.093381   43441 load.go:23] Could not load config from "/Users/djcarlogujilde/GALAHADD.DEV.PROJECTS/LIFI-Dashboard/dataconnect": could not find dataconnect.yaml in `/Users/djcarlogujilde/GALAHADD.DEV.PROJECTS/LIFI-Dashboard/dataconnect`
 {"metadata":{"emulator":{"name":"dataconnect"},"message":"E0710 11:45:32.093381   43441 load.go:23] Could not load config from \"/Users/djcarlogujilde/GALAHADD.DEV.PROJECTS/LIFI-Dashboard/dataconnect\": could not find dataconnect.yaml in `/Users/djcarlogujilde/GALAHADD.DEV.PROJECTS/LIFI-Dashboard/dataconnect`\n"}}
[debug] [2025-07-10T03:45:42.100Z] E0710 11:45:42.099909   43441 load.go:23] Could not load config from "/Users/djcarlogujilde/GALAHADD.DEV.PROJECTS/LIFI-Dashboard/dataconnect": could not find dataconnect.yaml in `/Users/djcarlogujilde/GALAHADD.DEV.PROJECTS/LIFI-Dashboard/dataconnect`
 {"metadata":{"emulator":{"name":"dataconnect"},"message":"E0710 11:45:42.099909   43441 load.go:23] Could not load config from \"/Users/djcarlogujilde/GALAHADD.DEV.PROJECTS/LIFI-Dashboard/dataconnect\": could not find dataconnect.yaml in `/Users/djcarlogujilde/GALAHADD.DEV.PROJECTS/LIFI-Dashboard/dataconnect`\n"}}
[info] [Firebase Plugin] Stopping Data Connect toolkit
[warn] ⚠  Data Connect Emulator has exited upon receiving signal: SIGINT 
